{"total": {"lines":{"total":381,"covered":375,"skipped":0,"pct":98.42},"statements":{"total":385,"covered":379,"skipped":0,"pct":98.44},"functions":{"total":89,"covered":89,"skipped":0,"pct":100},"branches":{"total":333,"covered":294,"skipped":0,"pct":88.28},"branchesTrue":{"total":0,"covered":0,"skipped":0,"pct":100}}
,"C:\\Users\\dbuzinin\\IdeaProjects\\kit-functions-sdk\\__test__\\constants.js": {"lines":{"total":4,"covered":4,"skipped":0,"pct":100},"functions":{"total":0,"covered":0,"skipped":0,"pct":100},"statements":{"total":4,"covered":4,"skipped":0,"pct":100},"branches":{"total":0,"covered":0,"skipped":0,"pct":100}}
,"C:\\Users\\dbuzinin\\IdeaProjects\\kit-functions-sdk\\__test__\\context.js": {"lines":{"total":10,"covered":10,"skipped":0,"pct":100},"functions":{"total":0,"covered":0,"skipped":0,"pct":100},"statements":{"total":10,"covered":10,"skipped":0,"pct":100},"branches":{"total":0,"covered":0,"skipped":0,"pct":100}}
,"C:\\Users\\dbuzinin\\IdeaProjects\\kit-functions-sdk\\dist\\Api.js": {"lines":{"total":22,"covered":22,"skipped":0,"pct":100},"functions":{"total":4,"covered":4,"skipped":0,"pct":100},"statements":{"total":22,"covered":22,"skipped":0,"pct":100},"branches":{"total":7,"covered":6,"skipped":0,"pct":85.71}}
,"C:\\Users\\dbuzinin\\IdeaProjects\\kit-functions-sdk\\dist\\Avatar.js": {"lines":{"total":30,"covered":30,"skipped":0,"pct":100},"functions":{"total":8,"covered":8,"skipped":0,"pct":100},"statements":{"total":30,"covered":30,"skipped":0,"pct":100},"branches":{"total":18,"covered":15,"skipped":0,"pct":83.33}}
,"C:\\Users\\dbuzinin\\IdeaProjects\\kit-functions-sdk\\dist\\DB.js": {"lines":{"total":37,"covered":37,"skipped":0,"pct":100},"functions":{"total":17,"covered":17,"skipped":0,"pct":100},"statements":{"total":39,"covered":39,"skipped":0,"pct":100},"branches":{"total":68,"covered":59,"skipped":0,"pct":86.76}}
,"C:\\Users\\dbuzinin\\IdeaProjects\\kit-functions-sdk\\dist\\Message.js": {"lines":{"total":10,"covered":10,"skipped":0,"pct":100},"functions":{"total":1,"covered":1,"skipped":0,"pct":100},"statements":{"total":10,"covered":10,"skipped":0,"pct":100},"branches":{"total":1,"covered":1,"skipped":0,"pct":100}}
,"C:\\Users\\dbuzinin\\IdeaProjects\\kit-functions-sdk\\dist\\index.js": {"lines":{"total":246,"covered":242,"skipped":0,"pct":98.37},"functions":{"total":54,"covered":54,"skipped":0,"pct":100},"statements":{"total":248,"covered":244,"skipped":0,"pct":98.38},"branches":{"total":231,"covered":206,"skipped":0,"pct":89.17}}
,"C:\\Users\\dbuzinin\\IdeaProjects\\kit-functions-sdk\\dist\\utils.js": {"lines":{"total":22,"covered":20,"skipped":0,"pct":90.9},"functions":{"total":5,"covered":5,"skipped":0,"pct":100},"statements":{"total":22,"covered":20,"skipped":0,"pct":90.9},"branches":{"total":8,"covered":7,"skipped":0,"pct":87.5}}
}
