{"total": {"lines":{"total":426,"covered":409,"skipped":0,"pct":96},"statements":{"total":432,"covered":415,"skipped":0,"pct":96.06},"functions":{"total":98,"covered":95,"skipped":0,"pct":96.93},"branches":{"total":367,"covered":323,"skipped":0,"pct":88.01},"branchesTrue":{"total":0,"covered":0,"skipped":0,"pct":100}}
,"C:\\Users\\dbuzinin\\IdeaProjects\\kit-functions-sdk\\__test__\\constants.js": {"lines":{"total":4,"covered":4,"skipped":0,"pct":100},"functions":{"total":0,"covered":0,"skipped":0,"pct":100},"statements":{"total":4,"covered":4,"skipped":0,"pct":100},"branches":{"total":0,"covered":0,"skipped":0,"pct":100}}
,"C:\\Users\\dbuzinin\\IdeaProjects\\kit-functions-sdk\\__test__\\context.js": {"lines":{"total":10,"covered":10,"skipped":0,"pct":100},"functions":{"total":0,"covered":0,"skipped":0,"pct":100},"statements":{"total":10,"covered":10,"skipped":0,"pct":100},"branches":{"total":0,"covered":0,"skipped":0,"pct":100}}
,"C:\\Users\\dbuzinin\\IdeaProjects\\kit-functions-sdk\\dist\\Api.js": {"lines":{"total":22,"covered":22,"skipped":0,"pct":100},"functions":{"total":4,"covered":4,"skipped":0,"pct":100},"statements":{"total":22,"covered":22,"skipped":0,"pct":100},"branches":{"total":7,"covered":6,"skipped":0,"pct":85.71}}
,"C:\\Users\\dbuzinin\\IdeaProjects\\kit-functions-sdk\\dist\\Avatar.js": {"lines":{"total":35,"covered":35,"skipped":0,"pct":100},"functions":{"total":9,"covered":9,"skipped":0,"pct":100},"statements":{"total":35,"covered":35,"skipped":0,"pct":100},"branches":{"total":22,"covered":19,"skipped":0,"pct":86.36}}
,"C:\\Users\\dbuzinin\\IdeaProjects\\kit-functions-sdk\\dist\\DB.js": {"lines":{"total":37,"covered":37,"skipped":0,"pct":100},"functions":{"total":17,"covered":17,"skipped":0,"pct":100},"statements":{"total":39,"covered":39,"skipped":0,"pct":100},"branches":{"total":68,"covered":59,"skipped":0,"pct":86.76}}
,"C:\\Users\\dbuzinin\\IdeaProjects\\kit-functions-sdk\\dist\\Message.js": {"lines":{"total":10,"covered":10,"skipped":0,"pct":100},"functions":{"total":1,"covered":1,"skipped":0,"pct":100},"statements":{"total":10,"covered":10,"skipped":0,"pct":100},"branches":{"total":1,"covered":1,"skipped":0,"pct":100}}
,"C:\\Users\\dbuzinin\\IdeaProjects\\kit-functions-sdk\\dist\\index.js": {"lines":{"total":274,"covered":269,"skipped":0,"pct":98.17},"functions":{"total":60,"covered":59,"skipped":0,"pct":98.33},"statements":{"total":278,"covered":273,"skipped":0,"pct":98.2},"branches":{"total":259,"covered":231,"skipped":0,"pct":89.18}}
,"C:\\Users\\dbuzinin\\IdeaProjects\\kit-functions-sdk\\dist\\utils.js": {"lines":{"total":34,"covered":22,"skipped":0,"pct":64.7},"functions":{"total":7,"covered":5,"skipped":0,"pct":71.42},"statements":{"total":34,"covered":22,"skipped":0,"pct":64.7},"branches":{"total":10,"covered":7,"skipped":0,"pct":70}}
}
