TN:
SF:__test__\constants.js
FNF:0
FNH:0
DA:1,4
DA:2,4
DA:3,4
DA:5,4
LF:4
LH:4
BRF:0
BRH:0
end_of_record
TN:
SF:__test__\context.js
FNF:0
FNH:0
DA:1,2
DA:9,2
DA:29,2
DA:37,2
DA:135,2
DA:139,2
DA:147,2
DA:153,2
DA:160,2
DA:167,2
LF:10
LH:10
BRF:0
BRH:0
end_of_record
TN:
SF:dist\Api.js
FN:17,(anonymous_0)
FN:29,(anonymous_1)
FN:41,(anonymous_2)
FN:50,(anonymous_3)
FNF:4
FNH:4
FNDA:114,(anonymous_0)
FNDA:58,(anonymous_1)
FNDA:1,(anonymous_2)
FNDA:5,(anonymous_3)
DA:2,4
DA:3,4
DA:4,4
DA:8,4
DA:17,4
DA:18,114
DA:19,60
DA:22,54
DA:30,58
DA:31,32
DA:32,19
DA:33,6
DA:41,6
DA:42,1
DA:43,1
DA:44,1
DA:45,1
DA:46,1
DA:47,1
DA:51,5
DA:52,3
DA:58,4
LF:22
LH:22
BRDA:18,0,0,60
BRDA:18,0,1,54
BRDA:18,1,0,114
BRDA:18,1,1,96
BRDA:18,1,2,60
BRDA:43,2,0,1
BRDA:43,2,1,0
BRF:7
BRH:6
end_of_record
TN:
SF:dist\Avatar.js
FN:5,checkParams
FN:19,(anonymous_1)
FN:28,(anonymous_2)
FN:40,(anonymous_3)
FN:46,(anonymous_4)
FN:70,(anonymous_5)
FN:73,(anonymous_6)
FN:116,(anonymous_7)
FN:157,(anonymous_8)
FNF:9
FNH:9
FNDA:4,checkParams
FNDA:16,(anonymous_1)
FNDA:258,(anonymous_2)
FNDA:5,(anonymous_3)
FNDA:3,(anonymous_4)
FNDA:2,(anonymous_5)
FNDA:2,(anonymous_6)
FNDA:4,(anonymous_7)
FNDA:2,(anonymous_8)
DA:2,2
DA:3,2
DA:4,2
DA:6,4
DA:15,4
DA:16,18
DA:17,16
DA:19,4
DA:20,16
DA:21,2
DA:29,258
DA:30,258
DA:31,258
DA:32,258
DA:41,5
DA:47,3
DA:48,3
DA:49,1
DA:52,2
DA:53,2
DA:71,2
DA:74,2
DA:75,1
DA:76,1
DA:78,1
DA:117,4
DA:118,4
DA:119,2
DA:124,2
DA:125,2
DA:126,1
DA:128,1
DA:158,2
DA:159,2
DA:162,2
LF:35
LH:35
BRDA:16,0,0,16
BRDA:16,0,1,2
BRDA:16,1,0,18
BRDA:16,1,1,16
BRDA:16,1,2,16
BRDA:20,2,0,2
BRDA:20,2,1,14
BRDA:49,3,0,1
BRDA:49,3,1,0
BRDA:71,4,0,1
BRDA:71,4,1,1
BRDA:74,5,0,1
BRDA:74,5,1,1
BRDA:74,6,0,2
BRDA:74,6,1,1
BRDA:117,7,0,2
BRDA:124,8,0,2
BRDA:124,8,1,0
BRDA:125,9,0,1
BRDA:125,9,1,1
BRDA:131,10,0,1
BRDA:131,10,1,0
BRF:22
BRH:19
end_of_record
TN:
SF:dist\DB.js
FN:9,(anonymous_0)
FN:17,(anonymous_1)
FN:20,(anonymous_2)
FN:22,(anonymous_3)
FN:27,(anonymous_4)
FN:29,(anonymous_5)
FN:30,(anonymous_6)
FN:39,(anonymous_7)
FN:43,(anonymous_8)
FN:53,(anonymous_9)
FN:57,(anonymous_10)
FN:59,(anonymous_11)
FN:61,(anonymous_12)
FN:65,(anonymous_13)
FN:69,(anonymous_14)
FN:77,(anonymous_15)
FN:85,(anonymous_16)
FNF:17
FNH:17
FNDA:193,(anonymous_0)
FNDA:6,(anonymous_1)
FNDA:5,(anonymous_2)
FNDA:1,(anonymous_3)
FNDA:24,(anonymous_4)
FNDA:2,(anonymous_5)
FNDA:23,(anonymous_6)
FNDA:1,(anonymous_7)
FNDA:7,(anonymous_8)
FNDA:5,(anonymous_9)
FNDA:3,(anonymous_10)
FNDA:2,(anonymous_11)
FNDA:2,(anonymous_12)
FNDA:69,(anonymous_13)
FNDA:89,(anonymous_14)
FNDA:9,(anonymous_15)
FNDA:14,(anonymous_16)
DA:2,2
DA:3,2
DA:4,2
DA:10,193
DA:11,193
DA:18,6
DA:21,5
DA:23,1
DA:24,1
DA:28,24
DA:29,24
DA:30,24
DA:31,23
DA:32,23
DA:33,23
DA:34,23
DA:40,1
DA:45,7
DA:46,7
DA:47,1
DA:49,6
DA:54,5
DA:58,3
DA:59,3
DA:60,3
DA:62,2
DA:67,69
DA:71,89
DA:72,54
DA:73,54
DA:75,35
DA:79,9
DA:80,3
DA:81,3
DA:83,6
DA:86,14
DA:89,2
LF:37
LH:37
BRDA:27,0,0,0
BRDA:31,1,0,23
BRDA:31,1,1,0
BRDA:31,2,0,23
BRDA:31,2,1,23
BRDA:31,2,2,23
BRDA:31,3,0,0
BRDA:31,3,1,23
BRDA:31,4,0,23
BRDA:31,4,1,23
BRDA:32,5,0,22
BRDA:32,5,1,1
BRDA:32,6,0,23
BRDA:32,6,1,22
BRDA:32,6,2,22
BRDA:32,7,0,0
BRDA:32,7,1,22
BRDA:32,8,0,22
BRDA:32,8,1,22
BRDA:33,9,0,22
BRDA:33,9,1,1
BRDA:33,10,0,23
BRDA:33,10,1,22
BRDA:33,10,2,22
BRDA:33,11,0,0
BRDA:33,11,1,22
BRDA:33,12,0,22
BRDA:33,12,1,22
BRDA:45,13,0,0
BRDA:45,13,1,7
BRDA:45,14,0,7
BRDA:45,14,1,7
BRDA:46,15,0,1
BRDA:46,15,1,6
BRDA:65,16,0,13
BRDA:67,17,0,23
BRDA:67,17,1,46
BRDA:67,18,0,69
BRDA:67,18,1,69
BRDA:67,19,0,12
BRDA:67,19,1,57
BRDA:67,20,0,69
BRDA:67,20,1,69
BRDA:67,21,0,0
BRDA:67,21,1,69
BRDA:67,22,0,69
BRDA:67,22,1,69
BRDA:69,23,0,3
BRDA:71,24,0,54
BRDA:71,24,1,35
BRDA:71,25,0,89
BRDA:71,25,1,66
BRDA:71,26,0,0
BRDA:71,26,1,89
BRDA:71,27,0,89
BRDA:71,27,1,89
BRDA:79,28,0,3
BRDA:79,28,1,6
BRDA:79,29,0,9
BRDA:79,29,1,6
BRDA:79,29,2,6
BRDA:79,30,0,0
BRDA:79,30,1,9
BRDA:79,31,0,9
BRDA:79,31,1,9
BRDA:85,32,0,1
BRDA:86,33,0,4
BRDA:86,33,1,10
BRF:68
BRH:59
end_of_record
TN:
SF:dist\Message.js
FN:7,(anonymous_0)
FNF:1
FNH:1
FNDA:524,(anonymous_0)
DA:2,1
DA:8,524
DA:9,524
DA:10,524
DA:11,524
DA:14,524
DA:59,524
DA:69,524
DA:70,524
DA:73,1
LF:10
LH:10
BRDA:7,0,0,262
BRF:1
BRH:1
end_of_record
TN:
SF:dist\index.js
FN:23,(anonymous_0)
FN:102,(anonymous_1)
FN:121,(anonymous_2)
FN:134,(anonymous_3)
FN:139,(anonymous_4)
FN:150,(anonymous_5)
FN:161,(anonymous_6)
FN:162,(anonymous_7)
FN:184,(anonymous_8)
FN:194,(anonymous_9)
FN:221,(anonymous_10)
FN:257,(anonymous_11)
FN:288,(anonymous_12)
FN:309,(anonymous_13)
FN:328,(anonymous_14)
FN:345,(anonymous_15)
FN:360,(anonymous_16)
FN:377,(anonymous_17)
FN:393,(anonymous_18)
FN:413,(anonymous_19)
FN:433,(anonymous_20)
FN:450,(anonymous_21)
FN:464,(anonymous_22)
FN:480,(anonymous_23)
FN:498,(anonymous_24)
FN:517,(anonymous_25)
FN:540,(anonymous_26)
FN:541,(anonymous_27)
FN:564,(anonymous_28)
FN:592,(anonymous_29)
FN:607,(anonymous_30)
FN:637,(anonymous_31)
FN:655,(anonymous_32)
FN:695,(anonymous_33)
FN:722,(anonymous_34)
FN:751,(anonymous_35)
FN:775,(anonymous_36)
FN:797,(anonymous_37)
FN:823,(anonymous_38)
FN:864,(anonymous_39)
FN:865,(anonymous_40)
FN:867,(anonymous_41)
FN:888,(anonymous_42)
FN:911,(anonymous_43)
FN:924,(anonymous_44)
FN:932,(anonymous_45)
FN:935,(anonymous_46)
FN:969,(anonymous_47)
FN:981,(anonymous_48)
FN:995,(anonymous_49)
FN:1000,(anonymous_50)
FN:1001,(anonymous_51)
FN:1002,(anonymous_52)
FN:1011,(anonymous_53)
FN:1020,(anonymous_54)
FN:1036,(anonymous_55)
FN:1041,(anonymous_56)
FN:1058,(anonymous_57)
FNF:58
FNH:58
FNDA:262,(anonymous_0)
FNDA:3,(anonymous_1)
FNDA:11,(anonymous_2)
FNDA:751,(anonymous_3)
FNDA:250,(anonymous_4)
FNDA:250,(anonymous_5)
FNDA:117,(anonymous_6)
FNDA:175,(anonymous_7)
FNDA:2,(anonymous_8)
FNDA:91,(anonymous_9)
FNDA:36,(anonymous_10)
FNDA:55,(anonymous_11)
FNDA:3,(anonymous_12)
FNDA:14,(anonymous_13)
FNDA:431,(anonymous_14)
FNDA:1127,(anonymous_15)
FNDA:442,(anonymous_16)
FNDA:38,(anonymous_17)
FNDA:32,(anonymous_18)
FNDA:3,(anonymous_19)
FNDA:2,(anonymous_20)
FNDA:2,(anonymous_21)
FNDA:1,(anonymous_22)
FNDA:41,(anonymous_23)
FNDA:63,(anonymous_24)
FNDA:94,(anonymous_25)
FNDA:24,(anonymous_26)
FNDA:26,(anonymous_27)
FNDA:11,(anonymous_28)
FNDA:23,(anonymous_29)
FNDA:4,(anonymous_30)
FNDA:3,(anonymous_31)
FNDA:36,(anonymous_32)
FNDA:2,(anonymous_33)
FNDA:4,(anonymous_34)
FNDA:4,(anonymous_35)
FNDA:6,(anonymous_36)
FNDA:2,(anonymous_37)
FNDA:3,(anonymous_38)
FNDA:8,(anonymous_39)
FNDA:3,(anonymous_40)
FNDA:5,(anonymous_41)
FNDA:2,(anonymous_42)
FNDA:517,(anonymous_43)
FNDA:3,(anonymous_44)
FNDA:11,(anonymous_45)
FNDA:45,(anonymous_46)
FNDA:6,(anonymous_47)
FNDA:5,(anonymous_48)
FNDA:8,(anonymous_49)
FNDA:2,(anonymous_50)
FNDA:8,(anonymous_51)
FNDA:8,(anonymous_52)
FNDA:32,(anonymous_53)
FNDA:2,(anonymous_54)
FNDA:4,(anonymous_55)
FNDA:2,(anonymous_56)
FNDA:1,(anonymous_57)
DA:2,1
DA:3,1
DA:4,1
DA:5,1
DA:6,1
DA:7,1
DA:8,1
DA:24,262
DA:25,262
DA:26,262
DA:27,262
DA:28,262
DA:29,262
DA:30,262
DA:31,262
DA:32,262
DA:33,262
DA:34,262
DA:35,262
DA:36,262
DA:37,262
DA:38,262
DA:39,262
DA:40,262
DA:41,12
DA:42,12
DA:43,12
DA:46,250
DA:48,250
DA:50,250
DA:52,250
DA:54,250
DA:56,250
DA:58,250
DA:60,250
DA:62,250
DA:64,250
DA:66,250
DA:67,250
DA:68,250
DA:69,250
DA:70,250
DA:71,250
DA:72,250
DA:73,65
DA:74,65
DA:75,65
DA:76,65
DA:78,250
DA:79,3
DA:80,3
DA:81,3
DA:83,250
DA:84,68
DA:103,3
DA:104,1
DA:105,1
DA:107,2
DA:108,1
DA:110,1
DA:122,11
DA:123,11
DA:124,11
DA:125,2
DA:127,9
DA:130,0
DA:136,751
DA:137,751
DA:141,250
DA:142,250
DA:143,65
DA:145,185
DA:146,181
DA:148,250
DA:152,250
DA:153,250
DA:154,65
DA:156,185
DA:157,181
DA:159,250
DA:162,117
DA:163,175
DA:185,2
DA:189,2
DA:190,1
DA:192,2
DA:195,91
DA:197,91
DA:198,71
DA:199,71
DA:200,71
DA:203,0
DA:207,91
DA:222,36
DA:223,36
DA:224,36
DA:225,36
DA:226,36
DA:227,1
DA:229,36
DA:230,25
DA:231,25
DA:233,36
DA:234,2
DA:235,2
DA:236,2
DA:238,36
DA:245,0
DA:258,55
DA:259,55
DA:260,18
DA:266,37
DA:267,36
DA:270,1
DA:289,3
DA:310,14
DA:311,2
DA:312,2
DA:314,12
DA:329,431
DA:346,1127
DA:361,442
DA:378,38
DA:394,32
DA:395,20
DA:396,20
DA:398,12
DA:414,3
DA:415,2
DA:416,2
DA:418,1
DA:434,2
DA:451,2
DA:465,1
DA:481,41
DA:499,63
DA:500,1
DA:501,1
DA:503,62
DA:504,1
DA:505,1
DA:507,61
DA:508,6
DA:509,55
DA:510,2
DA:511,2
DA:513,53
DA:514,6
DA:515,6
DA:517,47
DA:518,94
DA:520,47
DA:521,45
DA:526,2
DA:527,47
DA:541,24
DA:542,26
DA:544,24
DA:545,2
DA:546,2
DA:548,22
DA:565,11
DA:566,2
DA:567,2
DA:570,9
DA:571,9
DA:593,23
DA:608,4
DA:609,1
DA:610,3
DA:611,3
DA:612,2
DA:617,3
DA:638,3
DA:639,3
DA:640,1
DA:642,3
DA:656,36
DA:657,1
DA:658,35
DA:659,18
DA:660,35
DA:661,21
DA:662,35
DA:663,8
DA:664,27
DA:665,27
DA:666,1
DA:669,26
DA:676,27
DA:696,2
DA:697,2
DA:698,1
DA:700,2
DA:723,4
DA:752,4
DA:776,6
DA:798,2
DA:825,3
DA:829,3
DA:830,1
DA:832,3
DA:833,3
DA:836,1
DA:837,0
DA:840,1
DA:842,1
DA:865,8
DA:866,3
DA:869,5
DA:870,2
DA:872,3
DA:889,2
DA:895,2
DA:912,517
DA:925,3
DA:926,2
DA:929,1
DA:933,11
DA:934,9
DA:935,45
DA:936,9
DA:937,9
DA:938,1
DA:939,1
DA:941,8
DA:942,1
DA:944,8
DA:945,8
DA:946,8
DA:947,8
DA:948,7
DA:953,8
DA:956,2
DA:957,2
DA:970,6
DA:982,5
DA:996,8
DA:997,8
DA:998,4
DA:999,4
DA:1001,2
DA:1002,8
DA:1003,8
DA:1004,2
DA:1006,6
DA:1012,32
DA:1013,9
DA:1014,9
DA:1016,23
DA:1017,1
DA:1018,1
DA:1020,22
DA:1021,22
DA:1022,22
DA:1023,21
DA:1024,2
DA:1027,19
DA:1029,21
DA:1032,1
DA:1033,1
DA:1037,4
DA:1038,2
DA:1039,2
DA:1041,2
DA:1042,2
DA:1043,1
DA:1044,1
DA:1046,1
DA:1059,1
DA:1065,1
DA:1066,1
LF:272
LH:268
BRDA:40,0,0,12
BRDA:40,0,1,250
BRDA:40,1,0,262
BRDA:40,1,1,259
BRDA:40,2,0,259
BRDA:40,2,1,250
BRDA:40,2,2,250
BRDA:40,3,0,1
BRDA:40,3,1,258
BRDA:40,4,0,259
BRDA:40,4,1,258
BRDA:72,5,0,65
BRDA:72,5,1,185
BRDA:78,6,0,3
BRDA:78,6,1,247
BRDA:83,7,0,68
BRDA:83,7,1,182
BRDA:83,8,0,250
BRDA:83,8,1,185
BRDA:103,9,0,1
BRDA:103,9,1,2
BRDA:105,10,0,1
BRDA:105,10,1,0
BRDA:105,11,0,1
BRDA:105,11,1,1
BRDA:107,12,0,1
BRDA:107,12,1,1
BRDA:124,13,0,2
BRDA:124,13,1,9
BRDA:134,14,0,500
BRDA:136,15,0,0
BRDA:136,15,1,751
BRDA:136,16,0,751
BRDA:136,16,1,751
BRDA:137,17,0,544
BRDA:137,17,1,207
BRDA:142,18,0,65
BRDA:142,18,1,185
BRDA:143,19,0,65
BRDA:143,19,1,0
BRDA:143,20,0,0
BRDA:143,20,1,65
BRDA:143,21,0,65
BRDA:143,21,1,65
BRDA:143,22,0,0
BRDA:143,22,1,65
BRDA:143,23,0,65
BRDA:143,23,1,65
BRDA:143,24,0,0
BRDA:143,24,1,65
BRDA:143,25,0,65
BRDA:143,25,1,65
BRDA:143,26,0,0
BRDA:143,26,1,65
BRDA:143,27,0,65
BRDA:143,27,1,65
BRDA:145,28,0,181
BRDA:145,28,1,4
BRDA:146,29,0,181
BRDA:146,29,1,0
BRDA:146,30,0,0
BRDA:146,30,1,181
BRDA:146,31,0,181
BRDA:146,31,1,181
BRDA:153,32,0,65
BRDA:153,32,1,185
BRDA:154,33,0,65
BRDA:154,33,1,0
BRDA:154,34,0,0
BRDA:154,34,1,65
BRDA:154,35,0,65
BRDA:154,35,1,65
BRDA:154,36,0,0
BRDA:154,36,1,65
BRDA:154,37,0,65
BRDA:154,37,1,65
BRDA:154,38,0,0
BRDA:154,38,1,65
BRDA:154,39,0,65
BRDA:154,39,1,65
BRDA:154,40,0,0
BRDA:154,40,1,65
BRDA:154,41,0,65
BRDA:154,41,1,65
BRDA:156,42,0,181
BRDA:156,42,1,4
BRDA:157,43,0,181
BRDA:157,43,1,0
BRDA:157,44,0,0
BRDA:157,44,1,181
BRDA:157,45,0,181
BRDA:157,45,1,181
BRDA:161,46,0,117
BRDA:163,47,0,175
BRDA:163,47,1,64
BRDA:189,48,0,1
BRDA:189,48,1,1
BRDA:198,49,0,71
BRDA:198,49,1,0
BRDA:200,50,0,7
BRDA:200,50,1,64
BRDA:222,51,0,36
BRDA:222,51,1,0
BRDA:222,52,0,36
BRDA:222,52,1,0
BRDA:226,53,0,1
BRDA:226,53,1,35
BRDA:226,54,0,36
BRDA:226,54,1,1
BRDA:226,54,2,0
BRDA:229,55,0,25
BRDA:229,55,1,11
BRDA:233,56,0,2
BRDA:233,56,1,34
BRDA:259,57,0,18
BRDA:259,57,1,37
BRDA:266,58,0,36
BRDA:266,58,1,1
BRDA:289,59,0,2
BRDA:289,59,1,1
BRDA:310,60,0,2
BRDA:310,60,1,12
BRDA:378,61,0,14
BRDA:378,61,1,24
BRDA:378,62,0,38
BRDA:378,62,1,14
BRDA:394,63,0,20
BRDA:394,63,1,12
BRDA:414,64,0,2
BRDA:414,64,1,1
BRDA:414,65,0,3
BRDA:414,65,1,2
BRDA:434,66,0,1
BRDA:434,66,1,1
BRDA:451,67,0,1
BRDA:451,67,1,1
BRDA:499,68,0,1
BRDA:499,68,1,62
BRDA:503,69,0,1
BRDA:503,69,1,61
BRDA:507,70,0,6
BRDA:507,70,1,55
BRDA:507,71,0,61
BRDA:507,71,1,58
BRDA:509,72,0,2
BRDA:509,72,1,53
BRDA:513,73,0,6
BRDA:513,73,1,47
BRDA:513,74,0,53
BRDA:513,74,1,50
BRDA:520,75,0,45
BRDA:520,75,1,2
BRDA:544,76,0,2
BRDA:544,76,1,22
BRDA:565,77,0,2
BRDA:565,77,1,9
BRDA:565,78,0,11
BRDA:565,78,1,7
BRDA:565,78,2,4
BRDA:565,78,3,3
BRDA:608,79,0,1
BRDA:608,79,1,3
BRDA:608,80,0,4
BRDA:608,80,1,1
BRDA:611,81,0,2
BRDA:611,81,1,1
BRDA:639,82,0,1
BRDA:639,82,1,2
BRDA:656,83,0,1
BRDA:656,83,1,35
BRDA:656,84,0,36
BRDA:656,84,1,1
BRDA:658,85,0,18
BRDA:658,85,1,17
BRDA:658,86,0,35
BRDA:658,86,1,35
BRDA:660,87,0,21
BRDA:660,87,1,14
BRDA:660,88,0,35
BRDA:660,88,1,34
BRDA:662,89,0,8
BRDA:662,89,1,27
BRDA:662,90,0,35
BRDA:662,90,1,18
BRDA:665,91,0,1
BRDA:665,91,1,26
BRDA:697,92,0,1
BRDA:697,92,1,1
BRDA:722,93,0,1
BRDA:751,94,0,1
BRDA:797,95,0,1
BRDA:829,96,0,1
BRDA:829,96,1,2
BRDA:836,97,0,0
BRDA:836,97,1,1
BRDA:836,98,0,1
BRDA:836,98,1,0
BRDA:837,99,0,0
BRDA:837,99,1,0
BRDA:837,100,0,0
BRDA:837,100,1,0
BRDA:869,101,0,2
BRDA:869,101,1,3
BRDA:869,102,0,5
BRDA:869,102,1,2
BRDA:870,103,0,1
BRDA:870,103,1,1
BRDA:870,104,0,2
BRDA:870,104,1,2
BRDA:925,105,0,2
BRDA:925,105,1,1
BRDA:926,106,0,1
BRDA:926,106,1,1
BRDA:932,107,0,6
BRDA:933,108,0,9
BRDA:933,108,1,2
BRDA:935,109,0,45
BRDA:935,109,1,25
BRDA:936,110,0,4
BRDA:936,110,1,5
BRDA:937,111,0,1
BRDA:937,111,1,8
BRDA:937,112,0,9
BRDA:937,112,1,5
BRDA:941,113,0,1
BRDA:941,113,1,7
BRDA:941,114,0,8
BRDA:941,114,1,4
BRDA:941,114,2,4
BRDA:944,115,0,4
BRDA:944,115,1,4
BRDA:947,116,0,7
BRDA:947,116,1,1
BRDA:997,117,0,4
BRDA:997,117,1,4
BRDA:1003,118,0,2
BRDA:1003,118,1,6
BRDA:1012,119,0,9
BRDA:1012,119,1,23
BRDA:1012,120,0,32
BRDA:1012,120,1,24
BRDA:1012,121,0,0
BRDA:1012,121,1,24
BRDA:1012,122,0,24
BRDA:1012,122,1,24
BRDA:1016,123,0,1
BRDA:1016,123,1,22
BRDA:1016,124,0,23
BRDA:1016,124,1,22
BRDA:1023,125,0,2
BRDA:1023,125,1,19
BRDA:1037,126,0,2
BRDA:1037,126,1,2
BRDA:1037,127,0,4
BRDA:1037,127,1,3
BRDA:1037,128,0,0
BRDA:1037,128,1,3
BRDA:1037,129,0,3
BRDA:1037,129,1,3
BRDA:1042,130,0,1
BRDA:1042,130,1,1
BRF:261
BRH:233
end_of_record
TN:
SF:dist\utils.js
FN:12,(anonymous_0)
FN:18,(anonymous_1)
FN:24,getEnv
FN:42,getEnvVariable
FN:53,getVersion
FNF:5
FNH:5
FNDA:1021,(anonymous_0)
FNDA:1500,(anonymous_1)
FNDA:1,getEnv
FNDA:517,getEnvVariable
FNDA:1,getVersion
DA:2,4
DA:3,4
DA:4,4
DA:8,4
DA:12,4
DA:13,1021
DA:18,4
DA:19,1500
DA:24,4
DA:42,4
DA:43,517
DA:44,515
DA:47,2
DA:53,4
DA:54,1
DA:55,1
DA:56,1
DA:57,1
DA:58,1
DA:61,0
DA:65,0
DA:71,4
LF:22
LH:20
BRDA:19,0,0,1233
BRDA:19,0,1,267
BRDA:43,1,0,515
BRDA:43,1,1,2
BRDA:44,2,0,13
BRDA:44,2,1,502
BRDA:56,3,0,1
BRDA:56,3,1,0
BRF:8
BRH:7
end_of_record
