TN:
SF:__test__\constants.js
FNF:0
FNH:0
DA:1,3
DA:2,3
DA:3,3
DA:5,3
LF:4
LH:4
BRF:0
BRH:0
end_of_record
TN:
SF:__test__\context.js
FNF:0
FNH:0
DA:1,1
DA:9,1
DA:28,1
DA:36,1
DA:133,1
DA:139,1
DA:146,1
LF:7
LH:7
BRF:0
BRH:0
end_of_record
TN:
SF:dist\Api.js
FN:14,(anonymous_0)
FN:26,(anonymous_1)
FN:38,(anonymous_2)
FN:47,(anonymous_3)
FNF:4
FNH:4
FNDA:114,(anonymous_0)
FNDA:58,(anonymous_1)
FNDA:1,(anonymous_2)
FNDA:5,(anonymous_3)
DA:2,3
DA:3,3
DA:4,3
DA:8,3
DA:14,3
DA:15,114
DA:16,60
DA:19,54
DA:27,58
DA:28,32
DA:29,19
DA:30,6
DA:38,6
DA:39,1
DA:40,1
DA:41,1
DA:42,1
DA:43,1
DA:44,1
DA:48,5
DA:49,3
DA:55,3
LF:22
LH:22
BRDA:15,0,0,60
BRDA:15,0,1,54
BRDA:15,1,0,114
BRDA:15,1,1,96
BRDA:15,1,2,60
BRDA:40,2,0,1
BRDA:40,2,1,0
BRF:7
BRH:6
end_of_record
TN:
SF:dist\DB.js
FN:9,(anonymous_0)
FN:17,(anonymous_1)
FN:20,(anonymous_2)
FN:22,(anonymous_3)
FN:27,(anonymous_4)
FN:29,(anonymous_5)
FN:31,(anonymous_6)
FN:40,(anonymous_7)
FN:44,(anonymous_8)
FN:54,(anonymous_9)
FN:56,(anonymous_10)
FN:61,(anonymous_11)
FN:63,(anonymous_12)
FN:65,(anonymous_13)
FN:67,(anonymous_14)
FN:72,(anonymous_15)
FN:76,(anonymous_16)
FN:84,(anonymous_17)
FNF:18
FNH:18
FNDA:166,(anonymous_0)
FNDA:6,(anonymous_1)
FNDA:5,(anonymous_2)
FNDA:1,(anonymous_3)
FNDA:24,(anonymous_4)
FNDA:2,(anonymous_5)
FNDA:23,(anonymous_6)
FNDA:1,(anonymous_7)
FNDA:7,(anonymous_8)
FNDA:5,(anonymous_9)
FNDA:1,(anonymous_10)
FNDA:3,(anonymous_11)
FNDA:2,(anonymous_12)
FNDA:2,(anonymous_13)
FNDA:1,(anonymous_14)
FNDA:60,(anonymous_15)
FNDA:80,(anonymous_16)
FNDA:14,(anonymous_17)
DA:2,2
DA:3,2
DA:4,2
DA:10,166
DA:11,166
DA:18,6
DA:21,5
DA:23,1
DA:24,1
DA:28,24
DA:29,24
DA:31,24
DA:32,23
DA:33,23
DA:34,23
DA:35,23
DA:41,1
DA:46,7
DA:47,7
DA:48,1
DA:50,6
DA:55,5
DA:57,1
DA:58,1
DA:62,3
DA:63,3
DA:64,3
DA:66,2
DA:68,1
DA:69,1
DA:74,60
DA:78,80
DA:79,48
DA:80,48
DA:82,32
DA:85,14
DA:88,2
LF:37
LH:37
BRDA:27,0,0,0
BRDA:32,1,0,23
BRDA:32,1,1,0
BRDA:32,2,0,23
BRDA:32,2,1,23
BRDA:32,2,2,23
BRDA:32,3,0,0
BRDA:32,3,1,23
BRDA:32,4,0,23
BRDA:32,4,1,23
BRDA:33,5,0,22
BRDA:33,5,1,1
BRDA:33,6,0,23
BRDA:33,6,1,22
BRDA:33,6,2,22
BRDA:33,7,0,0
BRDA:33,7,1,22
BRDA:33,8,0,22
BRDA:33,8,1,22
BRDA:34,9,0,22
BRDA:34,9,1,1
BRDA:34,10,0,23
BRDA:34,10,1,22
BRDA:34,10,2,22
BRDA:34,11,0,0
BRDA:34,11,1,22
BRDA:34,12,0,22
BRDA:34,12,1,22
BRDA:46,13,0,0
BRDA:46,13,1,7
BRDA:46,14,0,7
BRDA:46,14,1,7
BRDA:47,15,0,1
BRDA:47,15,1,6
BRDA:72,16,0,13
BRDA:74,17,0,20
BRDA:74,17,1,40
BRDA:74,18,0,60
BRDA:74,18,1,60
BRDA:74,19,0,9
BRDA:74,19,1,51
BRDA:74,20,0,60
BRDA:74,20,1,60
BRDA:74,21,0,0
BRDA:74,21,1,60
BRDA:74,22,0,60
BRDA:74,22,1,60
BRDA:76,23,0,3
BRDA:78,24,0,48
BRDA:78,24,1,32
BRDA:78,25,0,80
BRDA:78,25,1,60
BRDA:78,26,0,0
BRDA:78,26,1,80
BRDA:78,27,0,80
BRDA:78,27,1,80
BRDA:84,28,0,1
BRDA:85,29,0,4
BRDA:85,29,1,10
BRF:59
BRH:51
end_of_record
TN:
SF:dist\Message.js
FN:7,(anonymous_0)
FNF:1
FNH:1
FNDA:318,(anonymous_0)
DA:2,1
DA:8,318
DA:9,318
DA:10,318
DA:11,318
DA:14,318
DA:58,318
DA:68,318
DA:69,318
DA:72,1
LF:10
LH:10
BRDA:7,0,0,159
BRF:1
BRH:1
end_of_record
TN:
SF:dist\index.js
FN:22,(anonymous_0)
FN:78,(anonymous_1)
FN:83,(anonymous_2)
FN:112,(anonymous_3)
FN:131,(anonymous_4)
FN:139,(anonymous_5)
FN:172,(anonymous_6)
FN:193,(anonymous_7)
FN:212,(anonymous_8)
FN:229,(anonymous_9)
FN:246,(anonymous_10)
FN:262,(anonymous_11)
FN:282,(anonymous_12)
FN:302,(anonymous_13)
FN:319,(anonymous_14)
FN:333,(anonymous_15)
FN:349,(anonymous_16)
FN:366,(anonymous_17)
FN:373,(anonymous_18)
FN:398,(anonymous_19)
FN:399,(anonymous_20)
FN:422,(anonymous_21)
FN:450,(anonymous_22)
FN:465,(anonymous_23)
FN:468,(anonymous_24)
FN:497,(anonymous_25)
FN:498,(anonymous_26)
FN:518,(anonymous_27)
FN:527,(anonymous_28)
FN:560,(anonymous_29)
FN:561,(anonymous_30)
FN:589,(anonymous_31)
FN:618,(anonymous_32)
FN:640,(anonymous_33)
FN:666,(anonymous_34)
FN:701,(anonymous_35)
FN:702,(anonymous_36)
FN:704,(anonymous_37)
FN:721,(anonymous_38)
FN:744,(anonymous_39)
FN:762,(anonymous_40)
FNF:41
FNH:41
FNDA:159,(anonymous_0)
FNDA:441,(anonymous_1)
FNDA:147,(anonymous_2)
FNDA:2,(anonymous_3)
FNDA:37,(anonymous_4)
FNDA:59,(anonymous_5)
FNDA:2,(anonymous_6)
FNDA:14,(anonymous_7)
FNDA:136,(anonymous_8)
FNDA:375,(anonymous_9)
FNDA:38,(anonymous_10)
FNDA:28,(anonymous_11)
FNDA:3,(anonymous_12)
FNDA:2,(anonymous_13)
FNDA:2,(anonymous_14)
FNDA:1,(anonymous_15)
FNDA:6,(anonymous_16)
FNDA:20,(anonymous_17)
FNDA:19,(anonymous_18)
FNDA:4,(anonymous_19)
FNDA:6,(anonymous_20)
FNDA:11,(anonymous_21)
FNDA:23,(anonymous_22)
FNDA:4,(anonymous_23)
FNDA:4,(anonymous_24)
FNDA:3,(anonymous_25)
FNDA:3,(anonymous_26)
FNDA:35,(anonymous_27)
FNDA:27,(anonymous_28)
FNDA:2,(anonymous_29)
FNDA:2,(anonymous_30)
FNDA:4,(anonymous_31)
FNDA:4,(anonymous_32)
FNDA:2,(anonymous_33)
FNDA:3,(anonymous_34)
FNDA:2,(anonymous_35)
FNDA:1,(anonymous_36)
FNDA:1,(anonymous_37)
FNDA:2,(anonymous_38)
FNDA:6,(anonymous_39)
FNDA:1,(anonymous_40)
DA:2,1
DA:3,1
DA:4,1
DA:5,1
DA:6,1
DA:7,1
DA:23,159
DA:24,159
DA:25,159
DA:26,159
DA:27,159
DA:28,159
DA:29,159
DA:30,159
DA:31,159
DA:32,159
DA:33,159
DA:34,159
DA:35,159
DA:36,159
DA:37,159
DA:38,159
DA:39,12
DA:40,12
DA:41,12
DA:44,147
DA:46,147
DA:48,147
DA:50,147
DA:52,147
DA:54,147
DA:56,147
DA:58,147
DA:60,147
DA:62,147
DA:64,147
DA:65,147
DA:66,147
DA:67,147
DA:68,54
DA:69,54
DA:70,54
DA:71,54
DA:72,54
DA:80,441
DA:81,441
DA:85,147
DA:86,147
DA:87,54
DA:89,93
DA:90,92
DA:92,147
DA:113,2
DA:117,2
DA:118,1
DA:120,2
DA:132,37
DA:133,4
DA:138,33
DA:139,32
DA:140,59
DA:142,32
DA:143,24
DA:144,24
DA:146,32
DA:153,1
DA:173,2
DA:194,14
DA:195,2
DA:196,2
DA:198,12
DA:213,136
DA:230,375
DA:247,38
DA:263,28
DA:264,4
DA:265,4
DA:267,24
DA:283,3
DA:284,2
DA:285,2
DA:287,1
DA:303,2
DA:320,2
DA:334,1
DA:350,6
DA:367,20
DA:368,4
DA:369,16
DA:370,6
DA:371,6
DA:373,10
DA:374,19
DA:376,10
DA:377,9
DA:382,1
DA:383,10
DA:399,4
DA:400,6
DA:402,4
DA:403,2
DA:404,2
DA:406,2
DA:423,11
DA:424,2
DA:425,2
DA:428,9
DA:429,9
DA:451,23
DA:466,4
DA:467,1
DA:468,3
DA:469,4
DA:471,3
DA:472,2
DA:477,3
DA:498,3
DA:499,3
DA:501,3
DA:502,1
DA:504,3
DA:519,35
DA:520,1
DA:521,34
DA:522,18
DA:523,34
DA:524,20
DA:525,34
DA:526,8
DA:527,26
DA:528,27
DA:530,26
DA:531,1
DA:534,25
DA:541,26
DA:561,2
DA:562,2
DA:564,2
DA:565,1
DA:567,2
DA:590,4
DA:619,4
DA:641,2
DA:667,3
DA:671,3
DA:672,1
DA:674,3
DA:675,3
DA:678,1
DA:679,1
DA:702,2
DA:703,1
DA:705,1
DA:722,2
DA:728,2
DA:745,6
DA:746,4
DA:749,2
DA:763,1
DA:769,1
DA:770,1
LF:161
LH:161
BRDA:38,0,0,12
BRDA:38,0,1,147
BRDA:38,1,0,159
BRDA:38,1,1,156
BRDA:38,2,0,156
BRDA:38,2,1,147
BRDA:38,2,2,147
BRDA:38,3,0,1
BRDA:38,3,1,155
BRDA:38,4,0,156
BRDA:38,4,1,155
BRDA:67,5,0,54
BRDA:67,5,1,93
BRDA:78,6,0,294
BRDA:80,7,0,0
BRDA:80,7,1,441
BRDA:80,8,0,441
BRDA:80,8,1,441
BRDA:81,9,0,276
BRDA:81,9,1,165
BRDA:86,10,0,54
BRDA:86,10,1,93
BRDA:87,11,0,54
BRDA:87,11,1,0
BRDA:87,12,0,0
BRDA:87,12,1,54
BRDA:87,13,0,54
BRDA:87,13,1,54
BRDA:87,14,0,0
BRDA:87,14,1,54
BRDA:87,15,0,54
BRDA:87,15,1,54
BRDA:87,16,0,0
BRDA:87,16,1,54
BRDA:87,17,0,54
BRDA:87,17,1,54
BRDA:87,18,0,0
BRDA:87,18,1,54
BRDA:87,19,0,54
BRDA:87,19,1,54
BRDA:89,20,0,92
BRDA:89,20,1,1
BRDA:90,21,0,92
BRDA:90,21,1,0
BRDA:90,22,0,0
BRDA:90,22,1,92
BRDA:90,23,0,92
BRDA:90,23,1,92
BRDA:117,24,0,1
BRDA:117,24,1,1
BRDA:132,25,0,4
BRDA:132,25,1,33
BRDA:138,26,0,32
BRDA:138,26,1,1
BRDA:140,27,0,59
BRDA:140,27,1,26
BRDA:142,28,0,24
BRDA:142,28,1,8
BRDA:173,29,0,1
BRDA:173,29,1,1
BRDA:194,30,0,2
BRDA:194,30,1,12
BRDA:247,31,0,2
BRDA:247,31,1,36
BRDA:247,32,0,38
BRDA:247,32,1,14
BRDA:263,33,0,4
BRDA:263,33,1,24
BRDA:263,34,0,28
BRDA:263,34,1,16
BRDA:283,35,0,2
BRDA:283,35,1,1
BRDA:283,36,0,3
BRDA:283,36,1,2
BRDA:303,37,0,1
BRDA:303,37,1,1
BRDA:320,38,0,1
BRDA:320,38,1,1
BRDA:367,39,0,4
BRDA:367,39,1,16
BRDA:367,40,0,20
BRDA:367,40,1,17
BRDA:369,41,0,6
BRDA:369,41,1,10
BRDA:369,42,0,16
BRDA:369,42,1,13
BRDA:376,43,0,9
BRDA:376,43,1,1
BRDA:402,44,0,2
BRDA:402,44,1,2
BRDA:423,45,0,2
BRDA:423,45,1,9
BRDA:423,46,0,11
BRDA:423,46,1,7
BRDA:423,46,2,4
BRDA:423,46,3,3
BRDA:466,47,0,1
BRDA:466,47,1,3
BRDA:469,48,0,4
BRDA:469,48,1,1
BRDA:471,49,0,2
BRDA:471,49,1,1
BRDA:499,50,0,3
BRDA:499,50,1,1
BRDA:501,51,0,1
BRDA:501,51,1,2
BRDA:519,52,0,1
BRDA:519,52,1,34
BRDA:521,53,0,18
BRDA:521,53,1,16
BRDA:521,54,0,34
BRDA:521,54,1,34
BRDA:523,55,0,20
BRDA:523,55,1,14
BRDA:523,56,0,34
BRDA:523,56,1,34
BRDA:525,57,0,8
BRDA:525,57,1,26
BRDA:525,58,0,34
BRDA:525,58,1,18
BRDA:528,59,0,27
BRDA:528,59,1,1
BRDA:530,60,0,1
BRDA:530,60,1,25
BRDA:562,61,0,2
BRDA:562,61,1,1
BRDA:564,62,0,1
BRDA:564,62,1,1
BRDA:589,63,0,1
BRDA:618,64,0,1
BRDA:640,65,0,1
BRDA:671,66,0,1
BRDA:671,66,1,2
BRDA:745,67,0,4
BRDA:745,67,1,2
BRDA:746,68,0,2
BRDA:746,68,1,2
BRF:137
BRH:129
end_of_record
TN:
SF:dist\utils.js
FN:8,(anonymous_0)
FN:14,(anonymous_1)
FN:20,getEnv
FNF:3
FNH:3
FNDA:547,(anonymous_0)
FNDA:882,(anonymous_1)
FNDA:1,getEnv
DA:2,3
DA:3,3
DA:4,3
DA:8,3
DA:9,547
DA:14,3
DA:15,882
DA:20,3
DA:21,1
DA:22,1
DA:23,1
DA:24,1
DA:25,1
DA:29,1
DA:35,3
LF:15
LH:15
BRDA:15,0,0,730
BRDA:15,0,1,152
BRDA:24,1,0,1
BRDA:24,1,1,0
BRF:4
BRH:3
end_of_record
